This file contains any messages produced by compilers while
running configure, to aid debugging if configure makes a mistake.

It was created by psntp configure 0.1, which was
generated by GNU Autoconf 2.59.  Invocation command line was

  $ ./configure 

## --------- ##
## Platform. ##
## --------- ##

hostname = localhost.localdomain
uname -m = i686
uname -r = 2.6.18-1.2798.fc6
uname -s = Linux
uname -v = #1 SMP Mon Oct 16 14:54:20 EDT 2006

/usr/bin/uname -p = unknown
/bin/uname -X     = unknown

/bin/arch              = i686
/usr/bin/arch -k       = unknown
/usr/convex/getsysinfo = unknown
hostinfo               = unknown
/bin/machine           = unknown
/usr/bin/oslevel       = unknown
/bin/universe          = unknown

PATH: /usr/kerberos/sbin
PATH: /usr/kerberos/bin
PATH: /usr/local/sbin
PATH: /usr/local/bin
PATH: /sbin
PATH: /bin
PATH: /usr/sbin
PATH: /usr/bin
PATH: /root/bin
PATH: /opt/danube/uclibc_toolchain/ifx-lxdb-1-2/gcc-3.3.6/toolchain-mips/bin


## ----------- ##
## Core tests. ##
## ----------- ##

configure:1316: checking for a BSD-compatible install
configure:1371: result: /usr/bin/install -c
configure:1382: checking whether build environment is sane
configure:1425: result: yes
configure:1490: checking for gawk
configure:1506: found /bin/gawk
configure:1516: result: gawk
configure:1526: checking whether make sets $(MAKE)
configure:1546: result: yes
configure:1763: checking for gcc
configure:1779: found /usr/bin/gcc
configure:1789: result: gcc
configure:2033: checking for C compiler version
configure:2036: gcc --version </dev/null >&5
gcc (GCC) 4.1.2 20070626 (Red Hat 4.1.2-13)
Copyright (C) 2006 Free Software Foundation, Inc.
This is free software; see the source for copying conditions.  There is NO
warranty; not even for MERCHANTABILITY or FITNESS FOR A PARTICULAR PURPOSE.

configure:2039: $? = 0
configure:2041: gcc -v </dev/null >&5
Using built-in specs.
Target: i386-redhat-linux
Configured with: ../configure --prefix=/usr --mandir=/usr/share/man --infodir=/usr/share/info --enable-shared --enable-threads=posix --enable-checking=release --with-system-zlib --enable-__cxa_atexit --disable-libunwind-exceptions --enable-libgcj-multifile --enable-languages=c,c++,objc,obj-c++,java,fortran,ada --enable-java-awt=gtk --disable-dssi --enable-plugin --with-java-home=/usr/lib/jvm/java-1.4.2-gcj-1.4.2.0/jre --with-cpu=generic --host=i386-redhat-linux
Thread model: posix
gcc version 4.1.2 20070626 (Red Hat 4.1.2-13)
configure:2044: $? = 0
configure:2046: gcc -V </dev/null >&5
gcc: '-V' option must have argument
configure:2049: $? = 1
configure:2072: checking for C compiler default output file name
configure:2075: gcc    conftest.c  >&5
configure:2078: $? = 0
configure:2124: result: a.out
configure:2129: checking whether the C compiler works
configure:2135: ./a.out
configure:2138: $? = 0
configure:2155: result: yes
configure:2162: checking whether we are cross compiling
configure:2164: result: no
configure:2167: checking for suffix of executables
configure:2169: gcc -o conftest    conftest.c  >&5
configure:2172: $? = 0
configure:2197: result: 
configure:2203: checking for suffix of object files
configure:2224: gcc -c   conftest.c >&5
configure:2227: $? = 0
configure:2249: result: o
configure:2253: checking whether we are using the GNU C compiler
configure:2277: gcc -c   conftest.c >&5
configure:2283: $? = 0
configure:2287: test -z 
			 || test ! -s conftest.err
configure:2290: $? = 0
configure:2293: test -s conftest.o
configure:2296: $? = 0
configure:2309: result: yes
configure:2315: checking whether gcc accepts -g
configure:2336: gcc -c -g  conftest.c >&5
configure:2342: $? = 0
configure:2346: test -z 
			 || test ! -s conftest.err
configure:2349: $? = 0
configure:2352: test -s conftest.o
configure:2355: $? = 0
configure:2366: result: yes
configure:2383: checking for gcc option to accept ANSI C
configure:2453: gcc  -c -g -O2  conftest.c >&5
configure:2459: $? = 0
configure:2463: test -z 
			 || test ! -s conftest.err
configure:2466: $? = 0
configure:2469: test -s conftest.o
configure:2472: $? = 0
configure:2490: result: none needed
configure:2508: gcc -c -g -O2  conftest.c >&5
conftest.c:2: error: expected '=', ',', ';', 'asm' or '__attribute__' before 'me'
configure:2514: $? = 1
configure: failed program was:
| #ifndef __cplusplus
|   choke me
| #endif
configure:2658: checking for style of include used by make
configure:2686: result: GNU
configure:2714: checking dependency style of gcc
configure:2804: result: gcc3
configure:2834: checking for a BSD-compatible install
configure:2889: result: /usr/bin/install -c
configure:2907: checking how to run the C preprocessor
configure:2942: gcc -E  conftest.c
configure:2948: $? = 0
configure:2980: gcc -E  conftest.c
conftest.c:11:28: error: ac_nonexistent.h: No such file or directory
configure:2986: $? = 1
configure: failed program was:
| /* confdefs.h.  */
| 
| #define PACKAGE_NAME "psntp"
| #define PACKAGE_TARNAME "psntp"
| #define PACKAGE_VERSION "0.1"
| #define PACKAGE_STRING "psntp 0.1"
| #define PACKAGE_BUGREPORT "fuyuki@hadaly.org"
| #define PACKAGE "psntp"
| #define VERSION "0.1"
| /* end confdefs.h.  */
| #include <ac_nonexistent.h>
configure:3025: result: gcc -E
configure:3049: gcc -E  conftest.c
configure:3055: $? = 0
configure:3087: gcc -E  conftest.c
conftest.c:11:28: error: ac_nonexistent.h: No such file or directory
configure:3093: $? = 1
configure: failed program was:
| /* confdefs.h.  */
| 
| #define PACKAGE_NAME "psntp"
| #define PACKAGE_TARNAME "psntp"
| #define PACKAGE_VERSION "0.1"
| #define PACKAGE_STRING "psntp 0.1"
| #define PACKAGE_BUGREPORT "fuyuki@hadaly.org"
| #define PACKAGE "psntp"
| #define VERSION "0.1"
| /* end confdefs.h.  */
| #include <ac_nonexistent.h>
configure:3137: checking for egrep
configure:3147: result: grep -E
configure:3152: checking for ANSI C header files
configure:3177: gcc -c -g -O2  conftest.c >&5
configure:3183: $? = 0
configure:3187: test -z 
			 || test ! -s conftest.err
configure:3190: $? = 0
configure:3193: test -s conftest.o
configure:3196: $? = 0
configure:3285: gcc -o conftest -g -O2   conftest.c  >&5
conftest.c: In function 'main':
conftest.c:28: warning: incompatible implicit declaration of built-in function 'exit'
configure:3288: $? = 0
configure:3290: ./conftest
configure:3293: $? = 0
configure:3308: result: yes
configure:3319: checking for an ANSI C-conforming const
configure:3386: gcc -c -g -O2  conftest.c >&5
configure:3392: $? = 0
configure:3396: test -z 
			 || test ! -s conftest.err
configure:3399: $? = 0
configure:3402: test -s conftest.o
configure:3405: $? = 0
configure:3416: result: yes
configure:3426: checking whether time.h and sys/time.h may both be included
configure:3451: gcc -c -g -O2  conftest.c >&5
configure:3457: $? = 0
configure:3461: test -z 
			 || test ! -s conftest.err
configure:3464: $? = 0
configure:3467: test -s conftest.o
configure:3470: $? = 0
configure:3481: result: yes
configure:3496: checking for strftime
configure:3553: gcc -o conftest -g -O2   conftest.c  >&5
conftest.c:37: warning: conflicting types for built-in function 'strftime'
configure:3559: $? = 0
configure:3563: test -z 
			 || test ! -s conftest.err
configure:3566: $? = 0
configure:3569: test -s conftest
configure:3572: $? = 0
configure:3584: result: yes
configure:3668: checking for socket in -lsocket
configure:3698: gcc -o conftest -g -O2   conftest.c -lsocket   >&5
/usr/bin/ld: cannot find -lsocket
collect2: ld returned 1 exit status
configure:3704: $? = 1
configure: failed program was:
| /* confdefs.h.  */
| 
| #define PACKAGE_NAME "psntp"
| #define PACKAGE_TARNAME "psntp"
| #define PACKAGE_VERSION "0.1"
| #define PACKAGE_STRING "psntp 0.1"
| #define PACKAGE_BUGREPORT "fuyuki@hadaly.org"
| #define PACKAGE "psntp"
| #define VERSION "0.1"
| #define STDC_HEADERS 1
| #define TIME_WITH_SYS_TIME 1
| #define HAVE_STRFTIME 1
| /* end confdefs.h.  */
| 
| /* Override any gcc2 internal prototype to avoid an error.  */
| #ifdef __cplusplus
| extern "C"
| #endif
| /* We use char because int might match the return type of a gcc2
|    builtin and then its argument prototype would still apply.  */
| char socket ();
| int
| main ()
| {
| socket ();
|   ;
|   return 0;
| }
configure:3730: result: no
configure:3847: creating ./config.status

## ---------------------- ##
## Running config.status. ##
## ---------------------- ##

This file was extended by psntp config.status 0.1, which was
generated by GNU Autoconf 2.59.  Invocation command line was

  CONFIG_FILES    = 
  CONFIG_HEADERS  = 
  CONFIG_LINKS    = 
  CONFIG_COMMANDS = 
  $ ./config.status 

on localhost.localdomain

config.status:689: creating Makefile
config.status:793: creating config.h
config.status:885: config.h is unchanged
config.status:1065: executing depfiles commands

## ---------------- ##
## Cache variables. ##
## ---------------- ##

ac_cv_c_compiler_gnu=yes
ac_cv_c_const=yes
ac_cv_env_CC_set=
ac_cv_env_CC_value=
ac_cv_env_CFLAGS_set=
ac_cv_env_CFLAGS_value=
ac_cv_env_CPPFLAGS_set=
ac_cv_env_CPPFLAGS_value=
ac_cv_env_CPP_set=
ac_cv_env_CPP_value=
ac_cv_env_LDFLAGS_set=
ac_cv_env_LDFLAGS_value=
ac_cv_env_build_alias_set=
ac_cv_env_build_alias_value=
ac_cv_env_host_alias_set=
ac_cv_env_host_alias_value=
ac_cv_env_target_alias_set=
ac_cv_env_target_alias_value=
ac_cv_exeext=
ac_cv_func_strftime=yes
ac_cv_header_stdc=yes
ac_cv_header_time=yes
ac_cv_lib_socket_socket=no
ac_cv_objext=o
ac_cv_path_install='/usr/bin/install -c'
ac_cv_prog_AWK=gawk
ac_cv_prog_CPP='gcc -E'
ac_cv_prog_ac_ct_CC=gcc
ac_cv_prog_cc_g=yes
ac_cv_prog_cc_stdc=
ac_cv_prog_egrep='grep -E'
ac_cv_prog_make_make_set=yes
am_cv_CC_dependencies_compiler_type=gcc3

## ----------------- ##
## Output variables. ##
## ----------------- ##

ACLOCAL='${SHELL} /WRTR-288GN/RT288x_SDK/source/user/psntp-0.1/missing --run aclocal-1.9'
AMDEPBACKSLASH='\'
AMDEP_FALSE='#'
AMDEP_TRUE=''
AMTAR='${SHELL} /WRTR-288GN/RT288x_SDK/source/user/psntp-0.1/missing --run tar'
AUTOCONF='${SHELL} /WRTR-288GN/RT288x_SDK/source/user/psntp-0.1/missing --run autoconf'
AUTOHEADER='${SHELL} /WRTR-288GN/RT288x_SDK/source/user/psntp-0.1/missing --run autoheader'
AUTOMAKE='${SHELL} /WRTR-288GN/RT288x_SDK/source/user/psntp-0.1/missing --run automake-1.9'
AWK='gawk'
CC='gcc'
CCDEPMODE='depmode=gcc3'
CFLAGS='-g -O2'
CPP='gcc -E'
CPPFLAGS=''
CYGPATH_W='echo'
DEFS='-DHAVE_CONFIG_H'
DEPDIR='.deps'
ECHO_C=''
ECHO_N='-n'
ECHO_T=''
EGREP='grep -E'
EXEEXT=''
INSTALL_DATA='${INSTALL} -m 644'
INSTALL_PROGRAM='${INSTALL}'
INSTALL_SCRIPT='${INSTALL}'
INSTALL_STRIP_PROGRAM='${SHELL} $(install_sh) -c -s'
LDFLAGS=''
LIBOBJS=''
LIBS=''
LTLIBOBJS=''
MAKEINFO='${SHELL} /WRTR-288GN/RT288x_SDK/source/user/psntp-0.1/missing --run makeinfo'
OBJEXT='o'
PACKAGE='psntp'
PACKAGE_BUGREPORT='fuyuki@hadaly.org'
PACKAGE_NAME='psntp'
PACKAGE_STRING='psntp 0.1'
PACKAGE_TARNAME='psntp'
PACKAGE_VERSION='0.1'
PATH_SEPARATOR=':'
SET_MAKE=''
SHELL='/bin/sh'
STRIP=''
VERSION='0.1'
ac_ct_CC='gcc'
ac_ct_STRIP=''
am__fastdepCC_FALSE='#'
am__fastdepCC_TRUE=''
am__include='include'
am__leading_dot='.'
am__quote=''
am__tar='${AMTAR} chof - "$$tardir"'
am__untar='${AMTAR} xf -'
bindir='${exec_prefix}/bin'
build_alias=''
datadir='${prefix}/share'
exec_prefix='${prefix}'
host_alias=''
includedir='${prefix}/include'
infodir='${prefix}/info'
install_sh='/WRTR-288GN/RT288x_SDK/source/user/psntp-0.1/install-sh'
libdir='${exec_prefix}/lib'
libexecdir='${exec_prefix}/libexec'
localstatedir='${prefix}/var'
mandir='${prefix}/man'
mkdir_p='mkdir -p --'
oldincludedir='/usr/include'
prefix='/usr/local'
program_transform_name='s,x,x,'
sbindir='${exec_prefix}/sbin'
sharedstatedir='${prefix}/com'
sysconfdir='${prefix}/etc'
target_alias=''

## ----------- ##
## confdefs.h. ##
## ----------- ##

#define HAVE_STRFTIME 1
#define PACKAGE "psntp"
#define PACKAGE_BUGREPORT "fuyuki@hadaly.org"
#define PACKAGE_NAME "psntp"
#define PACKAGE_STRING "psntp 0.1"
#define PACKAGE_TARNAME "psntp"
#define PACKAGE_VERSION "0.1"
#define STDC_HEADERS 1
#define TIME_WITH_SYS_TIME 1
#define VERSION "0.1"

configure: exit 0

## ---------------------- ##
## Running config.status. ##
## ---------------------- ##

This file was extended by psntp config.status 0.1, which was
generated by GNU Autoconf 2.59.  Invocation command line was

  CONFIG_FILES    = 
  CONFIG_HEADERS  = 
  CONFIG_LINKS    = 
  CONFIG_COMMANDS = 
  $ ./config.status config.h

on SWD1-CVS3

config.status:793: creating config.h
config.status:885: config.h is unchanged

## ---------------------- ##
## Running config.status. ##
## ---------------------- ##

This file was extended by psntp config.status 0.1, which was
generated by GNU Autoconf 2.59.  Invocation command line was

  CONFIG_FILES    = 
  CONFIG_HEADERS  = 
  CONFIG_LINKS    = 
  CONFIG_COMMANDS = 
  $ ./config.status config.h

on SWD1-CVS3

config.status:793: creating config.h
config.status:885: config.h is unchanged
